Read: Static mod\intro\intro_0010_trent.wav None Cinematic
Read: Static mod\intro\intro_0020_barman.wav None Cinematic
Read: Static mod\intro\intro_0030_trent.wav None Cinematic
Read: Static mod\intro\intro_0040_barman.wav None Cinematic
Read: Static mod\intro\intro_0050_trent.wav None Cinematic
Read: Static mod\intro\intro_0060_barman.wav None Cinematic
Read: Static mod\intro\intro_0070_trent.wav None Cinematic
Read: Static mod\intro\intro_0080_barman.wav None Cinematic
Read: Static mod\intro\intro_0090_trent.wav None Cinematic
Read: Static mod\intro\intro_0100_trent.wav None Cinematic
Read: Static mod\intro\intro_0105_trent.wav None Cinematic
Read: Static mod\intro\intro_0110_alaric.wav None Cinematic
Read: Static mod\intro\intro_0120_trent.wav None Cinematic
Read: Static mod\intro\intro_0130_barman.wav None Cinematic
Read: Static mod\intro\intro_0140_trent.wav None Cinematic
Read: Static mod\intro\intro_0150_barman.wav None Cinematic
Read: Static mod\intro\intro_0160_trent.wav None Cinematic
Read: Static mod\intro\intro_0170_barman.wav None Cinematic
Read: Static mod\intro\intro_0180_trent.wav None Cinematic
Read: Static mod\intro\intro_0190_barman.wav None Cinematic
Read: Static mod\m01\m01_cityscape_0010_stuard.wav None Cinematic
Read: Static mod\m01\m01_cityscape_0020_stuard.wav None Cinematic
Read: Static mod\m01\m01_cityscape_0030_trent.wav None Cinematic
Read: Static mod\m01\m01_cityscape_0040_trent.wav None Cinematic
Read: Static mod\m01\m01_offer_0010_alaric.wav None Cinematic
Read: Static mod\m01\m01_offer_0020_trent.wav None Cinematic
Read: Static mod\m01\m01_offer_0030_alaric.wav None Cinematic
Read: Static mod\m01\m01_offer_0040_trent.wav None Cinematic
Read: Static mod\m01\m01_offer_0050_alaric.wav None Cinematic
Read: Static mod\m01\m01_offer_0060_alaric.wav None Cinematic
Read: Static mod\m01\m01_offer_0070_alaric.wav None Cinematic
Read: Static mod\m01\m01_offer_0080_alaric.wav None Cinematic
Read: Static mod\m01\m01_offer_0090_trent.wav None Cinematic
Read: Static mod\m01\m01_offer_0100_trent.wav None Cinematic
Read: Static mod\m01\m01_offer_0110_alaric.wav None Cinematic
Read: Static mod\m01\m01_berlin_0010_alaric.wav None Cinematic
Read: Static mod\m01\m01_berlin_0020_adelmar.wav None Cinematic
Read: Static mod\m01\m01_berlin_0030_trent.wav None Cinematic
Read: Static mod\m01\m01_berlin_0040_luz.wav None Cinematic
Read: Static mod\m01\m01_bizmark_0010_adelmar.wav None Cinematic
Read: Static mod\m01\m01_bizmark_0020_trent.wav None Cinematic
Read: Static mod\m01\m01_bizmark_0030_luc.wav None Cinematic
Read: Static mod\m01\m01_bizmark_0040_luc.wav None Cinematic
Read: Static mod\m01\m01_bizmark_0050_alaric.wav None Cinematic
Read: Static mod\m01\m01_bizmark_0060_trent.wav None Cinematic
Read: Static mod\m01\m01_bizmark_0070_luc.wav None Cinematic
Read: Static mod\m01\m01_bizmark_0080_trent.wav None Cinematic
Read: Static mod\m01\m01_bizmark_0090_alaric.wav None Cinematic
Read: Static mod\m01\m01_bizmark_0100_trent.wav None Cinematic
Read: Static mod\m01\m01_bizmark_0110_alaric.wav None Cinematic
Read: Static mod\m01\m01_bizmark_0120_trent.wav None Cinematic
Read: Static mod\m01\m01_bizmark_0125_alaric.wav None Cinematic
Read: Static mod\m01\m01_bizmark_0130_alaric.wav None Cinematic
Read: Static mod\m01\m01_bizmark_0140_alaric.wav None Cinematic
Read: Static mod\m01\m01_bizmark_0150_trent.wav None Cinematic
Read: Static mod\m01\m01_bizmark_0160_alaric.wav None Cinematic
Read: Static mod\m02\m02_offer_0010_trent.wav None Cinematic
Read: Static mod\m02\m02_offer_0020_wilham.wav None Cinematic
Read: Static mod\m02\m02_offer_0030_trent.wav None Cinematic
Read: Static mod\m02\m02_offer_0040_wilham.wav None Cinematic
Read: Static mod\m02\m02_offer_0050_trent.wav None Cinematic
Read: Static mod\m02\m02_offer_0060_wilham.wav None Cinematic
Read: Static mod\m02\m02_offer_0070_trent.wav None Cinematic
Read: Static mod\m02\m02_offer_0080_wilham.wav None Cinematic
Read: Static mod\m02\m02_offer_0090_trent.wav None Cinematic
Read: Static mod\m02\m02_offer_0100_wilham.wav None Cinematic
Read: Static mod\m02\m02_offer_0110_trent.wav None Cinematic
Read: Static mod\m02\m02_offer_0120_wilham.wav None Cinematic
Read: Static mod\m02\m02_offer_0130_wilham.wav None Cinematic
Read: Static mod\m02\m02_offer_0140_trent.wav None Cinematic
Read: Static mod\m02\m02_offer_0150_wilham.wav None Cinematic
Read: Static mod\m02\m02_offer_0160_trent.wav None Cinematic
Read: Static mod\m02\m02_offer_0170_wilham.wav None Cinematic
Read: Static mod\m02\m02_offer_0180_trent.wav None Cinematic
Read: Static mod\m02\m02_offer_0190_wilham.wav None Cinematic
Read: Static mod\m02\m02_offer_0200_trent.wav None Cinematic
Read: Static mod\m02\m02_offer_0210_wilham.wav None Cinematic
Read: Static mod\m02\m02_offer_0220_trent.wav None Cinematic
Read: Static mod\m02\m02_offer_0230_wilham.wav None Cinematic
Read: Static mod\m02\m02_offer_0240_trent.wav None Cinematic
Read: Static mod\m02\m02_offer_0250_wilham.wav None Cinematic
Read: Static mod\m02\m02_miner_0010_trent.wav None Cinematic
Read: Static mod\m02\m02_miner_0020_jacobo.wav None Cinematic
Read: Static mod\m02\m02_miner_0030_trent.wav None Cinematic
Read: Static mod\m02\m02_miner_0040_jacobo.wav None Cinematic
Read: Static mod\m02\m02_miner_0045_jacobo.wav None Cinematic
Read: Static mod\m02\m02_miner_0050_trent.wav None Cinematic
Read: Static mod\m02\m02_miner_0060_jacobo.wav None Cinematic
Read: Static mod\m02\m02_miner_0070_trent.wav None Cinematic
Read: Static mod\m02\m02_miner_0080_jacobo.wav None Cinematic
Read: Static mod\m02\m02_miner_0090_trent.wav None Cinematic
Read: Static mod\m02\m02_miner_0100_jacobo.wav None Cinematic
Read: Static mod\m02\m02_miner_0110_jacobo.wav None Cinematic
Read: Static mod\m02\m02_miner_0120_jacobo.wav None Cinematic
Read: Static mod\m02\m02_done_0010_reichman.wav None Cinematic
Read: Static mod\m02\m02_done_0020_trent.wav None Cinematic
Read: Static mod\m02\m02_done_0030_reichman.wav None Cinematic
Read: Static mod\m02\m02_done_0040_trent.wav None Cinematic
Read: Static mod\m02\m02_done_0050_reichman.wav None Cinematic
Read: Static mod\m02\m02_done_0060_trent.wav None Cinematic
Read: Static mod\m02\m02_done_0070_reichman.wav None Cinematic
Read: Static mod\m02\m02_done_0080_reichman.wav None Cinematic
Read: Static mod\m02\m02_done_0090_wilham.wav None Cinematic
Read: Static mod\m02\m02_done_0100_reichman.wav None Cinematic
Read: Static mod\m02\m02_done_0110_wilham.wav None Cinematic
Read: Static mod\m02\m02_done_0120_reichman.wav None Cinematic
Read: Static mod\m02\m02_done_0130_wilham.wav None Cinematic
Read: Static mod\m02\m02_done_0140_reichman.wav None Cinematic
Read: Static mod\m03\m03_offer_0010_trent.wav None Cinematic
Read: Static mod\m03\m03_offer_0020_wilham.wav None Cinematic
Read: Static mod\m03\m03_offer_0030_trent.wav None Cinematic
Read: Static mod\m03\m03_offer_0040_trent.wav None Cinematic
Read: Static mod\m03\m03_offer_0050_wilham.wav None Cinematic
Read: Static mod\m03\m03_offer_0060_trent.wav None Cinematic
Read: Static mod\m03\m03_offer_0070_wilham.wav None Cinematic
Read: Static mod\m03\m03_offer_0075_wilham.wav None Cinematic
Read: Static mod\m03\m03_offer_0077_wilham.wav None Cinematic
Read: Static mod\m03\m03_offer_0080_trent.wav None Cinematic
Read: Static mod\m03\m03_offer_0090_wilham.wav None Cinematic
Read: Static mod\m03\m03_offer_0100_trent.wav None Cinematic
Read: Static mod\m03\m03_offer_0110_hassler.wav None Cinematic
Read: Static mod\m03\m03_offer_0115_hassler.wav None Cinematic
Read: Static mod\m03\m03_offer_0120_hassler.wav None Cinematic
Read: Static mod\m03\m03_offer_0130_trent.wav None Cinematic
Read: Static mod\m03\m03_offer_0140_wilham.wav None Cinematic
Read: Static mod\m03\m03_offer_0150_hassler.wav None Cinematic
Read: Static mod\m03\m03_offer_0155_hassler.wav None Cinematic
Read: Static mod\m03\m03_reward_0010_hassler.wav None Cinematic
Read: Static mod\m03\m03_reward_0020_trent.wav None Cinematic
Read: Static mod\m03\m03_reward_0030_hassler.wav None Cinematic
Read: Static mod\m04\m04_offer_0010_jacobo.wav None Cinematic
Read: Static mod\m04\m04_offer_0020_jacobo.wav None Cinematic
Read: Static mod\m04\m04_offer_0030_trent.wav None Cinematic
Read: Static mod\m04\m04_offer_0040_jacobo.wav None Cinematic
Read: Static mod\m04\m04_offer_0050_trent.wav None Cinematic
Read: Static mod\m04\m04_offer_0060_jacobo.wav None Cinematic
Read: Static mod\m04\m04_offer_0062_jacobo.wav None Cinematic
Read: Static mod\m04\m04_offer_0065_jacobo.wav None Cinematic
Read: Static mod\m04\m04_offer_0067_jacobo.wav None Cinematic
Read: Static mod\m04\m04_offer_0070_trent.wav None Cinematic
Read: Static mod\m04\m04_offer_0080_jacobo.wav None Cinematic
Read: Static mod\m04\m04_offer_0090_trent.wav None Cinematic
Read: Static echo_m04.utf|0xAAD01AC4 None Cinematic
Read: Static echo_m04.utf|0x96D304C4 None Cinematic
Read: Static echo_m04.utf|0x9B797FCD None Cinematic
Read: Static echo_m04.utf|0x89A49807 None Cinematic
Read: Static mod\m04\m04_reward_0010_hatcher.wav None Cinematic
Read: Static mod\m04\m04_reward_0020_trent.wav None Cinematic
Read: Static mod\m04\m04_reward_0030_alaric.wav None Cinematic
Read: Static mod\m04\m04_reward_0040_hatcher.wav None Cinematic
Read: Static mod\m04\m04_reward_0045_hatcher.wav None Cinematic
Read: Static mod\m04\m04_reward_0050_hatcher.wav None Cinematic
Read: Static mod\m04\m04_reward_0055_hatcher.wav None Cinematic
Read: Static mod\m04\m04_reward_0060_trent.wav None Cinematic
Read: Static mod\m04\m04_reward_0070_hatcher.wav None Cinematic
Read: Static mod\m04\m04_reward_0080_alaric.wav None Cinematic
Read: Static mod\m04\m04_reward_0090_trent.wav None Cinematic
Read: Static mod\m04\m04_reward_0100_hatcher.wav None Cinematic
Read: Static mod\m04\m04_reward_0110_trent.wav None Cinematic
Read: Static mod\m04\m04_reward_0120_hatcher.wav None Cinematic
Read: Static mod\m04\m04_reward_0130_trent.wav None Cinematic
Read: Static mod\m04\m04_final_0010_alaric.wav None Cinematic
Read: Static mod\m04\m04_final_0020_trent.wav None Cinematic
Read: Static mod\m04\m04_final_0030_alaric.wav None Cinematic
Read: Static mod\m04\m04_final_0040_trent.wav None Cinematic
Read: Static mod\m04\m04_final_0050_alaric.wav None Cinematic
Read: Static mod\m04\m04_final_0060_trent.wav None Cinematic
Read: Static mod\m04\m04_final_0070_alaric.wav None Cinematic
Read: Static mod\m04\m04_final_0080_trent.wav None Cinematic
Read: Static mod\m04\m04_final_0090_alaric.wav None Cinematic
Read: Static mod\m04\m04_final_0100_trent.wav None Cinematic
Read: Static mod\m04\m04_final_0110_alaric.wav None Cinematic
Read: Static mod\m04\m04_final_0120_trent.wav None Cinematic
Read: Static mod\m04\m04_final_0130_alaric.wav None Cinematic
Read: Static mod\m04\m04_final_0140_trent.wav None Cinematic
Read: Static mod\m05\m05_offer_0010_hatcher.wav None Cinematic
Read: Static mod\m05\m05_offer_0020_trent.wav None Cinematic
Read: Static mod\m05\m05_offer_0030_hatcher.wav None Cinematic
Read: Static mod\m05\m05_offer_0040_trent.wav None Cinematic
Read: Static mod\m05\m05_offer_0050_hatcher.wav None Cinematic
Read: Static mod\m05\m05_offer_0060_hatcher.wav None Cinematic
Read: Static mod\m05\m05_offer_0070_trent.wav None Cinematic
Read: Static mod\m05\m05_offer_0080_hatcher.wav None Cinematic
Read: Static mod\m05\m05_offer_0090_hatcher.wav None Cinematic
Read: Static mod\m05\m05_offer_0100_trent.wav None Cinematic
Read: Static mod\m05\m05_offer_0110_hatcher.wav None Cinematic
Read: Static mod\m05\m05_offer_0120_hatcher.wav None Cinematic
Read: Static mod\m05\m05_offer_0130_trent.wav None Cinematic
Read: Static mod\m05\m05_offer_0140_hatcher.wav None Cinematic
Read: Static mod\m05\m05_offer_0150_trent.wav None Cinematic
Read: Static mod\m05\m05_offer_0160_hatcher.wav None Cinematic
Read: Static mod\m05\m05_offer_0170_hatcher.wav None Cinematic
Read: Static mod\m05\m05_offer_0180_trent.wav None Cinematic
Read: Static mod\m05\m05_offer_0190_hatcher.wav None Cinematic
Read: Static mod\m05\m05_offer_0200_trent.wav None Cinematic
Read: Static mod\m05\m05_offer_0210_hatcher.wav None Cinematic
Read: Static mod\m05\m05_piratebar_0010_trent.wav None Cinematic
Read: Static mod\m05\m05_piratebar_0020_smith.wav None Cinematic
Read: Static mod\m05\m05_piratebar_0030_trent.wav None Cinematic
Read: Static mod\m05\m05_piratebar_0040_trent.wav None Cinematic
Read: Static mod\m05\m05_piratebar_0050_trent.wav None Cinematic
Read: Static mod\m05\m05_piratebar_0055_trent.wav None Cinematic
Read: Static mod\m05\m05_piratebar_0060_smith.wav None Cinematic
Read: Static mod\m05\m05_piratebar_0070_trent.wav None Cinematic
Read: Static mod\m05\m05_piratebar_0080_smith.wav None Cinematic
Read: Static mod\m05\m05_piratebar_0090_trent.wav None Cinematic
Read: Static mod\m05\m05_piratebar_0100_smith.wav None Cinematic
Read: Static mod\m05\m05_piratebar_0110_trent.wav None Cinematic
Read: Static mod\m05\m05_piratebar_0120_smith.wav None Cinematic
Read: Static mod\m05\m05_piratebar_0130_trent.wav None Cinematic
Read: Static mod\m05\m05_piratebar_0140_smith.wav None Cinematic
Read: Static echo_m05_player.utf|0xBB166EC9 None Cinematic
Read: Static echo_m05.utf|0x87C69209 None Cinematic
Read: Static echo_m05.utf|0xA7C752C9 None Cinematic
Read: Static echo_m05_player.utf|0x9B1622CA None Cinematic
Read: Static echo_m05.utf|0x87C47F48 None Cinematic
Read: Static echo_m05.utf|0xA7C4FF08 None Cinematic
Read: Static mod\m05\m05_detroit_0010_trent.wav None Cinematic
Read: Static mod\m05\m05_detroit_0020_barman.wav None Cinematic
Read: Static mod\m05\m05_detroit_0030_trent.wav None Cinematic
Read: Static mod\m05\m05_detroit_0040_barman.wav None Cinematic
Read: Static mod\m05\m05_detroit_0045_barman.wav None Cinematic
Read: Static mod\m05\m05_detroit_0050_trent.wav None Cinematic
Read: Static mod\m05\m05_detroit_0060_barman.wav None Cinematic
Read: Static mod\m05\m05_detroit_0070_trent.wav None Cinematic
Read: Static mod\m05\m05_detroit_0080_trent.wav None Cinematic
Read: Static echo_m05.utf|0xB8D06E41 None Cinematic
Read: Static echo_m05_player.utf|0x9BCE24CA None Cinematic
Read: Static echo_m05.utf|0xB8086841 None Cinematic
Read: Static echo_m05_female.utf|0x8E3E0F8C None Cinematic
Read: Static echo_m05.utf|0x9DE4630B None Cinematic
Read: Static echo_m05.utf|0x9DF06201 None Cinematic
Read: Static echo_m05_player.utf|0xBBCF48C1 None Cinematic
Read: Static echo_m05.utf|0xBE32F78C None Cinematic
Read: Static echo_m05.utf|0x9133830B None Cinematic
Read: Static echo_m05.utf|0xB4838B4B None Cinematic
Read: Static echo_m05.utf|0x8CCD2DC9 None Cinematic
*** Reader done ***
*** ERROR ***
EntryPointNotFoundException: ?? ??????? ????? ????? ????? "MakeSubtitleKey" ? DLL "d3d8.dll".
   ? Converter.AudioProcessing.Native.MakeSubtitleKey(Byte* data, UInt32 size, Byte* target)
   ? Converter.AudioProcessing.AudioHasher.Hash(Stream str, Hack hack)
   ? Converter.Pipeline.EntryConverter.Run()
   ? System.Threading.Tasks.Task.InnerInvoke()
   ? System.Threading.Tasks.Task.Execute()
--- ????? ??????????? ????? ?? ??????????? ????????????, ??? ???????? ?????????? ---
   ? Converter.Pipeline.EntryConverter.Wait()
   ? Converter.Program.Main(String[] args)

Press Enter to continue...
